[5aa55f91][server]: starting...
[5aa55f91][datafile]: loading. filename='maps/ctf5.map'
[5aa55f91][datafile]: allocsize=1516
[5aa55f91][datafile]: readsize=1276
[5aa55f91][datafile]: swaplen=1296
[5aa55f91][datafile]: item_size=1008
[5aa55f91][datafile]: loading done. datafile='maps/ctf5.map'
[5aa55f91][server]: maps/ctf5.map crc is d92129a0
[5aa55f91][server]: server name is 'zCatch+ Grenade '
[5aa55f91][datafile]: loading data index=11 size=2252 uncompressed=129600
[5aa55f91][ranking]: SQLite3 database opened
[5aa55f91][server]: version 0.6 626fce9a778df4d4
[5aa55f91][engine/mastersrv]: refreshing master server addresses
[5aa55f91][register]: refreshing ip addresses
[5aa55f91][engine/mastersrv]: saving addresses
[5aa55f91][register]: fetching server counts
[5aa55f91][chat]: *** Help new players!
[5aa55f94][register]: chose 'master3.teeworlds.com' as master, sending heartbeats
[5aa55f9b][server]: player is ready. ClientID=0 addr=[0:0:0:0:0:0:0:1]:53274
[5aa55f9c][server]: 'nameless tee' -> 'nameless tee'
[5aa55f9c][server]: player has entered the game. ClientID=0 addr=[0:0:0:0:0:0:0:1]:53274
[5aa55f9c][chat]: *** 'nameless tee' entered and joined the game
[5aa55f9c][game]: team_join player='0:nameless tee' team=0
[5aa55fab][server]: client dropped. cid=0 addr=[0:0:0:0:0:0:0:1]:53274 reason=''
[5aa55fab][game]: kill killer='0:nameless tee' victim='0:nameless tee' weapon=-3 special=0
[5aa55fab][ranking]: Saving user stats of 'nameless tee'
[5aa55fab][chat]: *** 'nameless tee' has left the game
[5aa55fab][game]: leave player='0:nameless tee'
[5aa55fc8][register]: ERROR: the master server reports that clients can not connect to this server.
[5aa55fc8][register]: ERROR: configure your firewall/nat to let through udp on port 8303.
